RoomBooker/app/build/intermediates/manifest_merge_blame_file/debug/manifest-merger-blame-debug-report.txt
1<?xml version="1.0" encoding="utf-8"?>
2<manifest xmlns:android="http://schemas.android.com/apk/res/android"
3    package="com.pint.room_booker"
4    android:versionCode="1"
5    android:versionName="1.0" >
6
7    <uses-sdk
8        android:minSdkVersion="16"
8-->src\main\AndroidManifest.xml
9        android:targetSdkVersion="30" />
9-->src\main\AndroidManifest.xml
10
11    <uses-permission android:name="android.permission.INTERNET" />
11-->src\main\AndroidManifest.xml:6:5-67
11-->src\main\AndroidManifest.xml:6:22-64
12
13    <application
13-->src\main\AndroidManifest.xml:8:5-27:19
14        android:allowBackup="true"
14-->src\main\AndroidManifest.xml:9:9-35
15        android:appComponentFactory="androidx.core.app.CoreComponentFactory"
15-->[androidx.core:core:1.5.0] AndroidManifest.xml:24:18-86
16        android:debuggable="true"
17        android:icon="@mipmap/ic_launcher"
17-->src\main\AndroidManifest.xml:10:9-43
18        android:label="@string/app_name"
18-->src\main\AndroidManifest.xml:11:9-41
19        android:roundIcon="@mipmap/ic_launcher_round"
19-->src\main\AndroidManifest.xml:12:9-54
20        android:supportsRtl="true"
20-->src\main\AndroidManifest.xml:13:9-35
21        android:testOnly="true"
22        android:theme="@style/Theme.RoomBooker" >
22-->src\main\AndroidManifest.xml:14:9-48
23        <activity android:name="com.pint.room_booker.utilizador.PerfilActivity" />
23-->src\main\AndroidManifest.xml:16:9-72
23-->src\main\AndroidManifest.xml:16:19-60
24        <activity android:name="com.pint.room_booker.salas.SalasActivity" />
24-->src\main\AndroidManifest.xml:17:9-57
24-->src\main\AndroidManifest.xml:17:19-54
25        <activity android:name="com.pint.room_booker.utilizador.VerifyAccountActivity" />
25-->src\main\AndroidManifest.xml:18:9-70
25-->src\main\AndroidManifest.xml:18:19-67
26        <activity android:name="com.pint.room_booker.utilizador.LoginActivity" >
26-->src\main\AndroidManifest.xml:19:9-25:20
26-->src\main\AndroidManifest.xml:19:19-59
27            <intent-filter>
27-->src\main\AndroidManifest.xml:20:13-24:29
28                <action android:name="android.intent.action.MAIN" />
28-->src\main\AndroidManifest.xml:21:17-69
28-->src\main\AndroidManifest.xml:21:25-66
29
30                <category android:name="android.intent.category.LAUNCHER" />
30-->src\main\AndroidManifest.xml:23:17-77
30-->src\main\AndroidManifest.xml:23:27-74
31            </intent-filter>
32        </activity>
33        <activity android:name="com.pint.room_booker.MainActivity" />
33-->src\main\AndroidManifest.xml:26:9-50
33-->src\main\AndroidManifest.xml:26:19-47
34    </application>
35
36</manifest>